  StochasticT.cpp
E:\vs project\myWork\includes\learnopengl\mesh.h(88,1): warning C4267: “参数”: 从“size_t”转换到“GLsizei”，可能丢失数据
E:\vs project\myWork\Stochastic tranparency\StochasticT.cpp(296,22): warning C4244: “初始化”: 从“double”转换到“float”，可能丢失数据
E:\vs project\myWork\Stochastic tranparency\StochasticT.cpp(591,42): warning C4305: “参数”: 从“double”到“T”截断
          with
          [
              T=float
          ]
E:\vs project\myWork\Stochastic tranparency\StochasticT.cpp(774,11): warning C4244: “=”: 从“double”转换到“float”，可能丢失数据
E:\vs project\myWork\Stochastic tranparency\StochasticT.cpp(775,11): warning C4244: “=”: 从“double”转换到“float”，可能丢失数据
E:\vs project\myWork\Stochastic tranparency\StochasticT.cpp(779,16): warning C4244: “初始化”: 从“double”转换到“float”，可能丢失数据
E:\vs project\myWork\Stochastic tranparency\StochasticT.cpp(780,16): warning C4244: “初始化”: 从“double”转换到“float”，可能丢失数据
E:\vs project\myWork\Stochastic tranparency\StochasticT.cpp(782,10): warning C4244: “=”: 从“double”转换到“float”，可能丢失数据
E:\vs project\myWork\Stochastic tranparency\StochasticT.cpp(783,10): warning C4244: “=”: 从“double”转换到“float”，可能丢失数据
E:\vs project\myWork\Stochastic tranparency\StochasticT.cpp(790,28): warning C4244: “参数”: 从“double”转换到“float”，可能丢失数据
  正在生成代码
  1 of 429 functions ( 0.2%) were compiled, the rest were copied from previous compilation.
    0 functions were new in current compilation
    1 functions had inline decision re-evaluated but remain unchanged
  已完成代码的生成
  Stochastic tranparency.vcxproj -> E:\vs project\myWork\x64\Release\Stochastic tranparency.exe
