  a2coverage.cpp
E:\vs project\myWork\includes\learnopengl\mesh.h(88,1): warning C4267: “参数”: 从“size_t”转换到“GLsizei”，可能丢失数据
E:\vs project\myWork\alpha2coverage\a2coverage.cpp(199,22): warning C4244: “初始化”: 从“double”转换到“float”，可能丢失数据
E:\vs project\myWork\alpha2coverage\a2coverage.cpp(483,42): warning C4305: “参数”: 从“double”到“T”截断
          with
          [
              T=float
          ]
E:\vs project\myWork\alpha2coverage\a2coverage.cpp(666,11): warning C4244: “=”: 从“double”转换到“float”，可能丢失数据
E:\vs project\myWork\alpha2coverage\a2coverage.cpp(667,11): warning C4244: “=”: 从“double”转换到“float”，可能丢失数据
E:\vs project\myWork\alpha2coverage\a2coverage.cpp(671,16): warning C4244: “初始化”: 从“double”转换到“float”，可能丢失数据
E:\vs project\myWork\alpha2coverage\a2coverage.cpp(672,16): warning C4244: “初始化”: 从“double”转换到“float”，可能丢失数据
E:\vs project\myWork\alpha2coverage\a2coverage.cpp(674,10): warning C4244: “=”: 从“double”转换到“float”，可能丢失数据
E:\vs project\myWork\alpha2coverage\a2coverage.cpp(675,10): warning C4244: “=”: 从“double”转换到“float”，可能丢失数据
E:\vs project\myWork\alpha2coverage\a2coverage.cpp(682,28): warning C4244: “参数”: 从“double”转换到“float”，可能丢失数据
  正在生成代码
  0 of 356 functions ( 0.0%) were compiled, the rest were copied from previous compilation.
    0 functions were new in current compilation
    0 functions had inline decision re-evaluated but remain unchanged
  已完成代码的生成
  alpha2coverage.vcxproj -> E:\vs project\myWork\x64\Release\alpha2coverage.exe
