  OIT.cpp
E:\vs project\myWork\includes\learnopengl\mesh.h(88,1): warning C4267: “参数”: 从“size_t”转换到“GLsizei”，可能丢失数据
E:\vs project\myWork\OIT\OIT.cpp(187,46): warning C4244: “参数”: 从“GLuint64”转换到“int”，可能丢失数据
E:\vs project\myWork\OIT\OIT.cpp(285,22): warning C4244: “初始化”: 从“double”转换到“float”，可能丢失数据
E:\vs project\myWork\OIT\OIT.cpp(558,42): warning C4305: “参数”: 从“double”到“T”截断
          with
          [
              T=float
          ]
E:\vs project\myWork\OIT\OIT.cpp(737,11): warning C4244: “=”: 从“double”转换到“float”，可能丢失数据
E:\vs project\myWork\OIT\OIT.cpp(738,11): warning C4244: “=”: 从“double”转换到“float”，可能丢失数据
E:\vs project\myWork\OIT\OIT.cpp(742,16): warning C4244: “初始化”: 从“double”转换到“float”，可能丢失数据
E:\vs project\myWork\OIT\OIT.cpp(743,16): warning C4244: “初始化”: 从“double”转换到“float”，可能丢失数据
E:\vs project\myWork\OIT\OIT.cpp(745,10): warning C4244: “=”: 从“double”转换到“float”，可能丢失数据
E:\vs project\myWork\OIT\OIT.cpp(746,10): warning C4244: “=”: 从“double”转换到“float”，可能丢失数据
E:\vs project\myWork\OIT\OIT.cpp(753,28): warning C4244: “参数”: 从“double”转换到“float”，可能丢失数据
  正在生成代码
  1 of 355 functions ( 0.3%) were compiled, the rest were copied from previous compilation.
    0 functions were new in current compilation
    0 functions had inline decision re-evaluated but remain unchanged
  已完成代码的生成
  OIT.vcxproj -> E:\vs project\myWork\x64\Release\OIT.exe
