  Render.cpp
E:\vs project\thickNessWork\thicknessWork\glTools\Render.cpp(358,32): warning C4305: “初始化”: 从“double”到“float”截断
E:\vs project\thickNessWork\thicknessWork\glTools\Render.cpp(396,35): warning C4267: “=”: 从“size_t”转换到“unsigned int”，可能丢失数据
E:\vs project\thickNessWork\thicknessWork\glTools\Render.cpp(423,50): warning C4244: “参数”: 从“float”转换到“GLsizei”，可能丢失数据
E:\vs project\thickNessWork\thicknessWork\glTools\Render.cpp(425,50): warning C4244: “参数”: 从“float”转换到“GLsizei”，可能丢失数据
E:\vs project\thickNessWork\thicknessWork\glTools\Render.cpp(427,50): warning C4244: “参数”: 从“float”转换到“GLsizei”，可能丢失数据
E:\vs project\thickNessWork\thicknessWork\glTools\Render.cpp(496,26): warning C4244: “=”: 从“double”转换到“float”，可能丢失数据
E:\vs project\thickNessWork\thicknessWork\glTools\Render.cpp(497,20): warning C4244: “=”: 从“double”转换到“float”，可能丢失数据
E:\vs project\thickNessWork\thicknessWork\glTools\Render.cpp(501,15): warning C4244: “初始化”: 从“double”转换到“float”，可能丢失数据
E:\vs project\thickNessWork\thicknessWork\glTools\Render.cpp(502,15): warning C4244: “初始化”: 从“double”转换到“float”，可能丢失数据
E:\vs project\thickNessWork\thicknessWork\glTools\Render.cpp(505,12): warning C4244: “初始化”: 从“double”转换到“float”，可能丢失数据
E:\vs project\thickNessWork\thicknessWork\glTools\Render.cpp(506,12): warning C4244: “初始化”: 从“double”转换到“float”，可能丢失数据
E:\vs project\thickNessWork\thicknessWork\glTools\Render.cpp(516,31): warning C4244: “初始化”: 从“int”转换到“float”，可能丢失数据
E:\vs project\thickNessWork\thicknessWork\glTools\Render.cpp(518,12): warning C4244: “初始化”: 从“double”转换到“float”，可能丢失数据
E:\vs project\thickNessWork\thicknessWork\glTools\Render.cpp(519,12): warning C4244: “初始化”: 从“double”转换到“float”，可能丢失数据
E:\vs project\thickNessWork\thicknessWork\glTools\Render.cpp(549,34): warning C4267: “=”: 从“size_t”转换到“unsigned int”，可能丢失数据
E:\vs project\thickNessWork\thicknessWork\glTools\Render.cpp(577,50): warning C4244: “参数”: 从“float”转换到“GLsizei”，可能丢失数据
E:\vs project\thickNessWork\thicknessWork\glTools\Render.cpp(579,50): warning C4244: “参数”: 从“float”转换到“GLsizei”，可能丢失数据
E:\vs project\thickNessWork\thicknessWork\glTools\Render.cpp(581,50): warning C4244: “参数”: 从“float”转换到“GLsizei”，可能丢失数据
E:\vs project\thickNessWork\thicknessWork\glTools\Render.cpp(490,6): warning C4101: “nextrow”: 未引用的局部变量
    正在创建库 E:\vs project\thickNessWork\thicknessWork\x64\Release\libAndDll\glTools.lib 和对象 E:\vs project\thickNessWork\thicknessWork\x64\Release\libAndDll\glTools.exp
  正在生成代码
  7 of 613 functions ( 1.1%) were compiled, the rest were copied from previous compilation.
    0 functions were new in current compilation
    6 functions had inline decision re-evaluated but remain unchanged
  已完成代码的生成
  glTools.vcxproj -> E:\vs project\thickNessWork\thicknessWork\x64\Release\libAndDll\glTools.dll
