  CSSM.cpp
E:\vs project\myWork\includes\learnopengl\mesh.h(88,1): warning C4267: “参数”: 从“size_t”转换到“GLsizei”，可能丢失数据
C:\Program Files (x86)\Windows Kits\10\Include\10.0.18362.0\shared\minwindef.h(130,1): warning C4005: “APIENTRY”: 宏重定义
E:\vs project\myWork\includes\glad\glad.h(32): message : 参见“APIENTRY”的前一个定义
E:\vs project\myWork\cssm\CSSM.cpp(315,22): warning C4244: “初始化”: 从“double”转换到“float”，可能丢失数据
E:\vs project\myWork\cssm\CSSM.cpp(479,30): warning C4018: “<”: 有符号/无符号不匹配
E:\vs project\myWork\cssm\CSSM.cpp(599,41): warning C4305: “参数”: 从“double”到“T”截断
          with
          [
              T=float
          ]
E:\vs project\myWork\cssm\CSSM.cpp(871,11): warning C4244: “=”: 从“double”转换到“float”，可能丢失数据
E:\vs project\myWork\cssm\CSSM.cpp(872,11): warning C4244: “=”: 从“double”转换到“float”，可能丢失数据
E:\vs project\myWork\cssm\CSSM.cpp(876,16): warning C4244: “初始化”: 从“double”转换到“float”，可能丢失数据
E:\vs project\myWork\cssm\CSSM.cpp(877,16): warning C4244: “初始化”: 从“double”转换到“float”，可能丢失数据
E:\vs project\myWork\cssm\CSSM.cpp(879,10): warning C4244: “=”: 从“double”转换到“float”，可能丢失数据
E:\vs project\myWork\cssm\CSSM.cpp(880,10): warning C4244: “=”: 从“double”转换到“float”，可能丢失数据
E:\vs project\myWork\cssm\CSSM.cpp(887,28): warning C4244: “参数”: 从“double”转换到“float”，可能丢失数据
  正在生成代码
  0 of 552 functions ( 0.0%) were compiled, the rest were copied from previous compilation.
    0 functions were new in current compilation
    0 functions had inline decision re-evaluated but remain unchanged
  已完成代码的生成
  cssm.vcxproj -> E:\vs project\myWork\x64\Release\cssm.exe
